Arguments: 
  /home/gitpod/.nvm/versions/node/v16.16.0/bin/node /home/gitpod/.nvm/versions/node/v16.16.0/bin/yarn add @nest/imagekit

PATH: 
  /home/gitpod/.sdkman/candidates/maven/current/bin:/home/gitpod/.sdkman/candidates/java/current/bin:/home/gitpod/.sdkman/candidates/gradle/current/bin:/workspace/.cargo/bin:/home/gitpod/.rvm/gems/ruby-2.7.6/bin:/home/gitpod/.rvm/gems/ruby-2.7.6@global/bin:/home/gitpod/.rvm/rubies/ruby-2.7.6/bin:/home/gitpod/.pyenv/plugins/pyenv-virtualenv/shims:/home/gitpod/.pyenv/shims:/workspace/go/bin:/home/gitpod/.nix-profile/bin:/ide/bin/remote-cli:/home/gitpod/go/bin:/home/gitpod/go-packages/bin:/home/gitpod/.nvm/versions/node/v16.16.0/bin:/workspace/.pip-modules/bin:/home/gitpod/.pyenv/bin:/workspace/.rvm/bin:/home/gitpod/.cargo/bin:/home/linuxbrew/.linuxbrew/bin:/home/linuxbrew/.linuxbrew/sbin/:/usr/games:/usr/local/sbin:/usr/local/bin:/usr/sbin:/usr/bin:/sbin:/bin:/home/gitpod/.nvm/versions/node/v16.16.0/bin:/home/gitpod/.rvm/bin

Yarn version: 
  1.22.19

Node version: 
  16.16.0

Platform: 
  linux x64

Trace: 
  Error: https://registry.yarnpkg.com/@nest%2fimagekit: Not found
      at Request.params.callback [as _callback] (/home/gitpod/.nvm/versions/node/v16.16.0/lib/node_modules/yarn/lib/cli.js:66145:18)
      at Request.self.callback (/home/gitpod/.nvm/versions/node/v16.16.0/lib/node_modules/yarn/lib/cli.js:140890:22)
      at Request.emit (node:events:527:28)
      at Request.<anonymous> (/home/gitpod/.nvm/versions/node/v16.16.0/lib/node_modules/yarn/lib/cli.js:141862:10)
      at Request.emit (node:events:527:28)
      at IncomingMessage.<anonymous> (/home/gitpod/.nvm/versions/node/v16.16.0/lib/node_modules/yarn/lib/cli.js:141784:12)
      at Object.onceWrapper (node:events:641:28)
      at IncomingMessage.emit (node:events:539:35)
      at endReadableNT (node:internal/streams/readable:1345:12)
      at processTicksAndRejections (node:internal/process/task_queues:83:21)

npm manifest: 
  {
    "name": "@retchee-db/server",
    "private": true,
    "scripts": {
      "start": "nest start",
      "start:watch": "nest start --watch",
      "start:debug": "nest start --debug --watch",
      "build": "nest build",
      "test": "jest",
      "seed": "ts-node scripts/seed.ts",
      "db:migrate-save": "prisma migrate dev",
      "db:migrate-save-name": "prisma migrate dev --name 'initial version'",
      "db:init-all": "prisma migrate dev --name 'initial version'",
      "db:migrate-up": "prisma migrate deploy",
      "db:clean": "ts-node scripts/clean.ts",
      "db:init": "run-s \"db:migrate-save -- --name 'initial version'\" db:migrate-up seed",
      "prisma:generate": "prisma generate"
    },
    "dependencies": {
      "@nestjs/axios": "0.0.7",
      "@nestjs/common": "8.2.3",
      "@nestjs/config": "1.1.5",
      "@nestjs/core": "8.2.3",
      "@nestjs/graphql": "9.1.2",
      "@nestjs/jwt": "8.0.0",
      "@nestjs/passport": "8.0.1",
      "@nestjs/platform-express": "8.2.3",
      "@nestjs/serve-static": "2.2.2",
      "@nestjs/swagger": "5.1.5",
      "@prisma/client": "3.6.0",
      "@supabase/supabase-js": "^1.33.3",
      "apollo-server-express": "3.5.0",
      "axios": "^0.26.1",
      "bcrypt": "5.0.1",
      "class-transformer": "0.5.1",
      "class-validator": "0.13.2",
      "graphql": "15.7.2",
      "graphql-type-json": "0.3.2",
      "nest-access-control": "2.0.3",
      "nest-morgan": "1.0.1",
      "nestjs-prisma": "0.14.3",
      "nestjs-request-context": "^1.0.0",
      "npm-run-all": "4.1.5",
      "passport": "0.5.2",
      "passport-http": "0.3.0",
      "passport-jwt": "4.0.0",
      "reflect-metadata": "0.1.13",
      "swagger-ui-express": "4.3.0",
      "ts-node": "9.1.1"
    },
    "devDependencies": {
      "@nestjs/cli": "8.1.5",
      "@nestjs/testing": "8.2.3",
      "@types/bcrypt": "5.0.0",
      "@types/express": "4.17.9",
      "@types/graphql-type-json": "0.3.2",
      "@types/jest": "26.0.19",
      "@types/normalize-path": "3.0.0",
      "@types/passport-http": "0.3.9",
      "@types/passport-jwt": "3.0.6",
      "@types/supertest": "2.0.11",
      "jest": "27.0.6",
      "jest-mock-extended": "^2.0.4",
      "prisma": "3.6.0",
      "supertest": "4.0.2",
      "ts-jest": "27.0.3",
      "type-fest": "0.11.0",
      "typescript": "4.2.3"
    },
    "jest": {
      "preset": "ts-jest",
      "testEnvironment": "node",
      "modulePathIgnorePatterns": [
        "<rootDir>/dist/"
      ]
    }
  }

yarn manifest: 
  No manifest

Lockfile: 
  No lockfile
